Tue Apr 01 23:14:15 EDT 2014 Contents of matrix:
989220458    463969042    1680574086    
1222074913    67216640    1056057064    
640072708    2074880478    917845930    
Tue Apr 01 23:14:15 EDT 2014 Contents of matrix:
1614868616    460021289    183128982    
905897683    1527037876    1613445557    
843006790    1125174916    1205544581    
Tue Apr 01 23:14:15 EDT 2014 Contents of matrix:
989220458    463969042    1680574086    
1222074913    67216640    1056057064    
640072708    2074880478    917845930    
Tue Apr 01 23:14:15 EDT 2014 Contents of matrix:
1955443243    1609324841    848083745    
538485843    660818207    1724673937    
2022887504    1691606675    992963868    
Tue Apr 01 23:14:15 EDT 2014 Contents of matrix:
1955443243    1609324841    848083745    
538485843    660818207    1724673937    
2022887504    1691606675    992963868    
Tue Apr 01 23:14:15 EDT 2014 Contents of matrix:
1752339812    982004827    1988998407    
883060044    2013967370    1069519496    
5104864    1526216839    55299443    
Tue Apr 01 23:14:15 EDT 2014 Contents of matrix:
1752339812    982004827    1988998407    
883060044    2013967370    1069519496    
5104864    1526216839    55299443    
Tue Apr 01 23:14:15 EDT 2014 Contents of matrix:
1752339812    982004827    1988998407    
883060044    2013967370    1069519496    
5104864    1526216839    55299443    
Tue Apr 01 23:14:15 EDT 2014 Contents of matrix:
1752339812    982004827    1988998407    
883060044    2013967370    1069519496    
5104864    1526216839    55299443    
Tue Apr 01 23:14:15 EDT 2014 Contents of matrix:
1752339812    982004827    1988998407    
883060044    2013967370    1069519496    
5104864    1526216839    55299443    
Tue Apr 01 23:40:16 EDT 2014 Contents of matrix:
138316008    1468704578    857121118    
1708161299    1527828140    2048594134    
412401903    417146734    554853506    
Tue Apr 01 23:40:16 EDT 2014 Contents of matrix:
138316008    1468704578    857121118    
1708161299    1527828140    2048594134    
412401903    417146734    554853506    
Tue Apr 01 23:40:16 EDT 2014 Contents of matrix:
138316008    1468704578    857121118    
1708161299    1527828140    2048594134    
412401903    417146734    554853506    
Tue Apr 01 23:40:16 EDT 2014 Contents of matrix:
138316008    1468704578    857121118    
1708161299    1527828140    2048594134    
412401903    417146734    554853506    
Tue Apr 01 23:40:16 EDT 2014 Contents of matrix:
138316008    1468704578    857121118    
1708161299    1527828140    2048594134    
412401903    417146734    554853506    
